# JRE version: OpenJDK Runtime Environment (11.0.13) (build 11.0.13+0-b1751.21-8125866)
# Java VM: OpenJDK 64-Bit Server VM (11.0.13+0-b1751.21-8125866, mixed mode, tiered, compressed oops, g1 gc, windows-amd64)
Heap:
 garbage-first heap   total 561152K, used 179562K [0x0000000080000000, 0x0000000100000000)
  region size 1024K, 11 young (11264K), 11 survivors (11264K)
 Metaspace       used 130976K, capacity 134833K, committed 136840K, reserved 1167360K
  class space    used 16545K, capacity 18059K, committed 19072K, reserved 1048576K
GC Heap History (20 events):
Event: 194.657 GC heap after
{Heap after GC invocations=43 (full 0):
 garbage-first heap   total 260096K, used 141281K [0x0000000080000000, 0x0000000100000000)
  region size 1024K, 11 young (11264K), 11 survivors (11264K)
 Metaspace       used 130449K, capacity 134272K, committed 136328K, reserved 1167360K
  class space    used 16536K, capacity 18064K, committed 19072K, reserved 1048576K
}
Event: 194.658 GC heap before
{Heap before GC invocations=43 (full 0):
 garbage-first heap   total 260096K, used 142305K [0x0000000080000000, 0x0000000100000000)
  region size 1024K, 12 young (12288K), 11 survivors (11264K)
 Metaspace       used 130449K, capacity 134272K, committed 136328K, reserved 1167360K
  class space    used 16536K, capacity 18064K, committed 19072K, reserved 1048576K
}
Event: 194.664 GC heap after
{Heap after GC invocations=44 (full 0):
 garbage-first heap   total 260096K, used 141947K [0x0000000080000000, 0x0000000100000000)
  region size 1024K, 2 young (2048K), 2 survivors (2048K)
 Metaspace       used 130449K, capacity 134272K, committed 136328K, reserved 1167360K
  class space    used 16536K, capacity 18064K, committed 19072K, reserved 1048576K
}
Event: 194.762 GC heap before
{Heap before GC invocations=44 (full 0):
 garbage-first heap   total 260096K, used 208507K [0x0000000080000000, 0x0000000100000000)
  region size 1024K, 68 young (69632K), 2 survivors (2048K)
 Metaspace       used 130483K, capacity 134297K, committed 136328K, reserved 1167360K
  class space    used 16540K, capacity 18072K, committed 19072K, reserved 1048576K
}
Event: 194.771 GC heap after
{Heap after GC invocations=45 (full 0):
 garbage-first heap   total 260096K, used 147330K [0x0000000080000000, 0x0000000100000000)
  region size 1024K, 7 young (7168K), 7 survivors (7168K)
 Metaspace       used 130483K, capacity 134297K, committed 136328K, reserved 1167360K
  class space    used 16540K, capacity 18072K, committed 19072K, reserved 1048576K
}
Event: 194.944 GC heap before
{Heap before GC invocations=45 (full 0):
 garbage-first heap   total 260096K, used 212866K [0x0000000080000000, 0x0000000100000000)
  region size 1024K, 71 young (72704K), 7 survivors (7168K)
 Metaspace       used 130600K, capacity 134427K, committed 136584K, reserved 1167360K
  class space    used 16523K, capacity 18035K, committed 19072K, reserved 1048576K
}
Event: 194.951 GC heap after
{Heap after GC invocations=46 (full 0):
 garbage-first heap   total 260096K, used 151424K [0x0000000080000000, 0x0000000100000000)
  region size 1024K, 6 young (6144K), 6 survivors (6144K)
 Metaspace       used 130600K, capacity 134427K, committed 136584K, reserved 1167360K
  class space    used 16523K, capacity 18035K, committed 19072K, reserved 1048576K
}
Event: 195.043 GC heap before
{Heap before GC invocations=47 (full 0):
 garbage-first heap   total 260096K, used 214912K [0x0000000080000000, 0x0000000100000000)
  region size 1024K, 68 young (69632K), 6 survivors (6144K)
 Metaspace       used 130649K, capacity 134536K, committed 136584K, reserved 1167360K
  class space    used 16532K, capacity 18049K, committed 19072K, reserved 1048576K
}
Event: 195.049 GC heap after
{Heap after GC invocations=48 (full 0):
 garbage-first heap   total 260096K, used 156433K [0x0000000080000000, 0x0000000100000000)
  region size 1024K, 6 young (6144K), 6 survivors (6144K)
 Metaspace       used 130649K, capacity 134536K, committed 136584K, reserved 1167360K
  class space    used 16532K, capacity 18049K, committed 19072K, reserved 1048576K
}
Event: 195.053 GC heap before
{Heap before GC invocations=48 (full 0):
 garbage-first heap   total 260096K, used 162577K [0x0000000080000000, 0x0000000100000000)
  region size 1024K, 12 young (12288K), 6 survivors (6144K)
 Metaspace       used 130650K, capacity 134536K, committed 136584K, reserved 1167360K
  class space    used 16532K, capacity 18049K, committed 19072K, reserved 1048576K
}
Event: 195.058 GC heap after
{Heap after GC invocations=49 (full 0):
 garbage-first heap   total 260096K, used 156757K [0x0000000080000000, 0x0000000100000000)
  region size 1024K, 2 young (2048K), 2 survivors (2048K)
 Metaspace       used 130650K, capacity 134536K, committed 136584K, reserved 1167360K
  class space    used 16532K, capacity 18049K, committed 19072K, reserved 1048576K
}
Event: 195.121 GC heap before
{Heap before GC invocations=49 (full 0):
 garbage-first heap   total 260096K, used 216149K [0x0000000080000000, 0x0000000100000000)
  region size 1024K, 61 young (62464K), 2 survivors (2048K)
 Metaspace       used 130666K, capacity 134550K, committed 136584K, reserved 1167360K
  class space    used 16534K, capacity 18053K, committed 19072K, reserved 1048576K
}
Event: 195.130 GC heap after
{Heap after GC invocations=50 (full 0):
 garbage-first heap   total 320512K, used 160210K [0x0000000080000000, 0x0000000100000000)
  region size 1024K, 5 young (5120K), 5 survivors (5120K)
 Metaspace       used 130666K, capacity 134550K, committed 136584K, reserved 1167360K
  class space    used 16534K, capacity 18053K, committed 19072K, reserved 1048576K
}
Event: 195.267 GC heap before
{Heap before GC invocations=50 (full 0):
 garbage-first heap   total 320512K, used 255442K [0x0000000080000000, 0x0000000100000000)
  region size 1024K, 97 young (99328K), 5 survivors (5120K)
 Metaspace       used 130733K, capacity 134625K, committed 136840K, reserved 1167360K
  class space    used 16535K, capacity 18055K, committed 19072K, reserved 1048576K
}
Event: 195.274 GC heap after
{Heap after GC invocations=51 (full 0):
 garbage-first heap   total 320512K, used 171518K [0x0000000080000000, 0x0000000100000000)
  region size 1024K, 13 young (13312K), 13 survivors (13312K)
 Metaspace       used 130733K, capacity 134625K, committed 136840K, reserved 1167360K
  class space    used 16535K, capacity 18055K, committed 19072K, reserved 1048576K
}
Event: 195.364 GC heap before
{Heap before GC invocations=52 (full 0):
 garbage-first heap   total 320512K, used 257534K [0x0000000080000000, 0x0000000100000000)
  region size 1024K, 98 young (100352K), 13 survivors (13312K)
 Metaspace       used 130878K, capacity 134757K, committed 136840K, reserved 1167360K
  class space    used 16539K, capacity 18055K, committed 19072K, reserved 1048576K
}
Event: 195.373 GC heap after
{Heap after GC invocations=53 (full 0):
 garbage-first heap   total 320512K, used 179126K [0x0000000080000000, 0x0000000100000000)
  region size 1024K, 12 young (12288K), 12 survivors (12288K)
 Metaspace       used 130878K, capacity 134757K, committed 136840K, reserved 1167360K
  class space    used 16539K, capacity 18055K, committed 19072K, reserved 1048576K
}
Event: 195.376 GC heap before
{Heap before GC invocations=53 (full 0):
 garbage-first heap   total 320512K, used 182198K [0x0000000080000000, 0x0000000100000000)
  region size 1024K, 15 young (15360K), 12 survivors (12288K)
 Metaspace       used 130879K, capacity 134757K, committed 136840K, reserved 1167360K
  class space    used 16539K, capacity 18055K, committed 19072K, reserved 1048576K
}
Event: 195.385 GC heap after
{Heap after GC invocations=54 (full 0):
 garbage-first heap   total 320512K, used 169472K [0x0000000080000000, 0x0000000100000000)
  region size 1024K, 2 young (2048K), 2 survivors (2048K)
 Metaspace       used 130879K, capacity 134757K, committed 136840K, reserved 1167360K
  class space    used 16539K, capacity 18055K, committed 19072K, reserved 1048576K
}
Event: 195.458 GC heap before
{Heap before GC invocations=54 (full 0):
 garbage-first heap   total 320512K, used 255488K [0x0000000080000000, 0x0000000100000000)
  region size 1024K, 87 young (89088K), 2 survivors (2048K)
 Metaspace       used 130976K, capacity 134833K, committed 136840K, reserved 1167360K
  class space    used 16545K, capacity 18059K, committed 19072K, reserved 1048576K
}

